<?xml version="1.0" encoding="UTF-8"?>
<testsuite xmlns:xsi="http://www.w3.org/2001/XMLSchema-instance" xsi:noNamespaceSchemaLocation="https://maven.apache.org/surefire/maven-surefire-plugin/xsd/surefire-test-report.xsd" name="sharks.TestRunner" time="26.117" tests="17" errors="0" skipped="0" failures="17">
  <properties>
[...]
</properties>
  <testcase name="testUsers[1][1]" classname="sharks.TestRunner" time="3.685">
    <failure message="status code was: 500, expected: 201, response time in milliseconds: 1227, url: https://tek-insurance-api.azurewebsites.net/api/accounts/add-account, response: &#10;{&quot;errorCode&quot;:&quot;ACCOUNT_EXIST&quot;,&quot;httpStatus&quot;:&quot;INTERNAL_SERVER_ERROR&quot;,&quot;errorMessage&quot;:&quot;Account with Email shaiq123@tekschool.us is exist&quot;}&#10;classpath:sharks/PostRequest.feature:43" type="org.opentest4j.AssertionFailedError">org.opentest4j.AssertionFailedError: 
status code was: 500, expected: 201, response time in milliseconds: 1227, url: https://tek-insurance-api.azurewebsites.net/api/accounts/add-account, response: 
{"errorCode":"ACCOUNT_EXIST","httpStatus":"INTERNAL_SERVER_ERROR","errorMessage":"Account with Email shaiq123@tekschool.us is exist"}
classpath:sharks/PostRequest.feature:43
</failure>
    <system-out><![CDATA[06:36:47.643 [main] DEBUG com.intuit.karate.Suite - [config] classpath:karate-config.js
06:36:48.789 [main] INFO  com.intuit.karate - karate.env system property was: null 
06:36:48.843 [main] INFO  com.intuit.karate - >> lock acquired, begin callonce: read('GenerateToken.feature')
06:36:49.297 [main] DEBUG com.intuit.karate - request:
1 > POST https://tek-insurance-api.azurewebsites.net/api/token
1 > Content-Type: application/json; charset=UTF-8
1 > Content-Length: 39
1 > Host: tek-insurance-api.azurewebsites.net
1 > Connection: Keep-Alive
1 > User-Agent: Apache-HttpClient/4.5.13 (Java/17.0.1)
1 > Accept-Encoding: gzip,deflate
{"username":"admin","password":"admin"}

06:36:51.096 [main] DEBUG com.intuit.karate - response time in milliseconds: 1796
1 < 200
1 < Cache-Control: no-cache, no-store, max-age=0, must-revalidate
1 < Pragma: no-cache
1 < Transfer-Encoding: chunked
1 < Content-Type: application/json
1 < Expires: 0
1 < Vary: Access-Control-Request-Headers
1 < X-Content-Type-Options: nosniff
1 < X-XSS-Protection: 1; mode=block
1 < Strict-Transport-Security: max-age=31536000 ; includeSubDomains
1 < X-Frame-Options: DENY
1 < Date: Wed, 01 Jun 2022 13:36:50 GMT
{"fullName":"Admin User","username":"Admin","token":"eyJraWQiOiJUZWtzY2hvb2wgSW5zdXJhbmNlIEFwcGxpY2F0aW9uIiwidHlwIjoiSldUIiwiYWxnIjoiSFM1MTIifQ.eyJhdWQiOiJVc2VyIG1hbmFnZW1lbnQgcG9ydGFsIiwic3ViIjoiQWRtaW4iLCJpc3MiOiJUZWsgSW5zdXJhbmNlIEFwcGxpY2F0aW9uIiwiQXV0aG9yaXRpZXMiOlsiQURNSU4iXSwiZXhwIjoxNjU0MTc3MDExLCJpYXQiOjE2NTQwOTA2MTF9.rxKMsnjbGr4mwmPsAS_Q9gQi08yoAdMggQd9OgJF3TNMeyHJ-ECNfAm8oyR_lQWpA5Ze5wILGn-uR9ILeG9u5w","generateDate":1654090611254}

06:36:51.112 [main] INFO  com.intuit.karate - [print] {
  "fullName": "Admin User",
  "username": "Admin",
  "token": "eyJraWQiOiJUZWtzY2hvb2wgSW5zdXJhbmNlIEFwcGxpY2F0aW9uIiwidHlwIjoiSldUIiwiYWxnIjoiSFM1MTIifQ.eyJhdWQiOiJVc2VyIG1hbmFnZW1lbnQgcG9ydGFsIiwic3ViIjoiQWRtaW4iLCJpc3MiOiJUZWsgSW5zdXJhbmNlIEFwcGxpY2F0aW9uIiwiQXV0aG9yaXRpZXMiOlsiQURNSU4iXSwiZXhwIjoxNjU0MTc3MDExLCJpYXQiOjE2NTQwOTA2MTF9.rxKMsnjbGr4mwmPsAS_Q9gQi08yoAdMggQd9OgJF3TNMeyHJ-ECNfAm8oyR_lQWpA5Ze5wILGn-uR9ILeG9u5w",
  "generateDate": 1654090611254
}
 
06:36:51.120 [main] INFO  com.intuit.karate - << lock released, cached callonce: read('GenerateToken.feature')
06:36:51.141 [main] DEBUG com.intuit.karate - request:
2 > POST https://tek-insurance-api.azurewebsites.net/api/accounts/add-account
2 > Authorization: Bearer eyJraWQiOiJUZWtzY2hvb2wgSW5zdXJhbmNlIEFwcGxpY2F0aW9uIiwidHlwIjoiSldUIiwiYWxnIjoiSFM1MTIifQ.eyJhdWQiOiJVc2VyIG1hbmFnZW1lbnQgcG9ydGFsIiwic3ViIjoiQWRtaW4iLCJpc3MiOiJUZWsgSW5zdXJhbmNlIEFwcGxpY2F0aW9uIiwiQXV0aG9yaXRpZXMiOlsiQURNSU4iXSwiZXhwIjoxNjU0MTc3MDExLCJpYXQiOjE2NTQwOTA2MTF9.rxKMsnjbGr4mwmPsAS_Q9gQi08yoAdMggQd9OgJF3TNMeyHJ-ECNfAm8oyR_lQWpA5Ze5wILGn-uR9ILeG9u5w
2 > Content-Type: application/json; charset=UTF-8
2 > Content-Length: 473
2 > Host: tek-insurance-api.azurewebsites.net
2 > Connection: Keep-Alive
2 > User-Agent: Apache-HttpClient/4.5.13 (Java/17.0.1)
2 > Accept-Encoding: gzip,deflate
{"primaryPerson":{"email":"shaiq123@tekschool.us","title":"Mr.","firstName":"shaiq","lastName":"darwish","gender":"MALE","maritalStatus":"MARRIED","employmentStatus":"employed","dateOfBirth":"01\/01\/1990"},"primaryPersonMailingAddress":{"addressType":"Home","addressLine1":"123 Main St","city":"Tysons","state":"VA","postalCode":"22122","countryCode":"001"},"primaryPersonPhone":{"phoneNumber":"2021013344","phoneExtension":"123","phoneTime":"morning","phoneType":"cell"}}

06:36:52.378 [main] DEBUG com.intuit.karate - response time in milliseconds: 1227
2 < 500
2 < Cache-Control: no-cache, no-store, max-age=0, must-revalidate
2 < Pragma: no-cache
2 < Transfer-Encoding: chunked
2 < Content-Type: application/json
2 < Expires: 0
2 < Vary: Access-Control-Request-Headers
2 < X-Content-Type-Options: nosniff
2 < X-XSS-Protection: 1; mode=block
2 < Strict-Transport-Security: max-age=31536000 ; includeSubDomains
2 < X-Frame-Options: DENY
2 < Date: Wed, 01 Jun 2022 13:36:52 GMT
2 < Set-Cookie: JSESSIONID=F513F059FCD6E8CC46D654FF8C4B98C1; Domain=tek-insurance-api.azurewebsites.net; Secure
{"errorCode":"ACCOUNT_EXIST","httpStatus":"INTERNAL_SERVER_ERROR","errorMessage":"Account with Email shaiq123@tekschool.us is exist"}

06:36:52.382 [main] ERROR com.intuit.karate - classpath:sharks/PostRequest.feature:43
Then status 201
status code was: 500, expected: 201, response time in milliseconds: 1227, url: https://tek-insurance-api.azurewebsites.net/api/accounts/add-account, response: 
{"errorCode":"ACCOUNT_EXIST","httpStatus":"INTERNAL_SERVER_ERROR","errorMessage":"Account with Email shaiq123@tekschool.us is exist"}
classpath:sharks/PostRequest.feature:43
]]></system-out>
  </testcase>
  <testcase name="testUsers[1][2]" classname="sharks.TestRunner" time="1.24">
    <failure message="status code was: 500, expected: 201, response time in milliseconds: 1213, url: https://tek-insurance-api.azurewebsites.net/api/accounts/add-primary-account, response: &#10;{&quot;errorCode&quot;:&quot;ACCOUNT_EXIST&quot;,&quot;httpStatus&quot;:&quot;INTERNAL_SERVER_ERROR&quot;,&quot;errorMessage&quot;:&quot;Account with Email alex@gmail.com is exist&quot;}&#10;classpath:sharks/PostRequest.feature:67" type="org.opentest4j.AssertionFailedError">org.opentest4j.AssertionFailedError: 
status code was: 500, expected: 201, response time in milliseconds: 1213, url: https://tek-insurance-api.azurewebsites.net/api/accounts/add-primary-account, response: 
{"errorCode":"ACCOUNT_EXIST","httpStatus":"INTERNAL_SERVER_ERROR","errorMessage":"Account with Email alex@gmail.com is exist"}
classpath:sharks/PostRequest.feature:67
</failure>
    <system-out><![CDATA[06:36:52.414 [main] INFO  com.intuit.karate - karate.env system property was: null 
06:36:52.425 [main] DEBUG com.intuit.karate - request:
1 > POST https://tek-insurance-api.azurewebsites.net/api/accounts/add-primary-account
1 > Authorization: Bearer eyJraWQiOiJUZWtzY2hvb2wgSW5zdXJhbmNlIEFwcGxpY2F0aW9uIiwidHlwIjoiSldUIiwiYWxnIjoiSFM1MTIifQ.eyJhdWQiOiJVc2VyIG1hbmFnZW1lbnQgcG9ydGFsIiwic3ViIjoiQWRtaW4iLCJpc3MiOiJUZWsgSW5zdXJhbmNlIEFwcGxpY2F0aW9uIiwiQXV0aG9yaXRpZXMiOlsiQURNSU4iXSwiZXhwIjoxNjU0MTc3MDExLCJpYXQiOjE2NTQwOTA2MTF9.rxKMsnjbGr4mwmPsAS_Q9gQi08yoAdMggQd9OgJF3TNMeyHJ-ECNfAm8oyR_lQWpA5Ze5wILGn-uR9ILeG9u5w
1 > Content-Type: application/json; charset=UTF-8
1 > Content-Length: 178
1 > Host: tek-insurance-api.azurewebsites.net
1 > Connection: Keep-Alive
1 > User-Agent: Apache-HttpClient/4.5.13 (Java/17.0.1)
1 > Accept-Encoding: gzip,deflate
{"email":"alex@gmail.com","title":"Mr","firstName":"John","lastName":"Whick","gender":"MALE","maritalStatus":"MARRIED","employmentStatus":"employed","dateOfBirth":"01\/01\/2000"}

06:36:53.639 [main] DEBUG com.intuit.karate - response time in milliseconds: 1213
1 < 500
1 < Cache-Control: no-cache, no-store, max-age=0, must-revalidate
1 < Pragma: no-cache
1 < Transfer-Encoding: chunked
1 < Content-Type: application/json
1 < Expires: 0
1 < Vary: Access-Control-Request-Headers
1 < X-Content-Type-Options: nosniff
1 < X-XSS-Protection: 1; mode=block
1 < Strict-Transport-Security: max-age=31536000 ; includeSubDomains
1 < X-Frame-Options: DENY
1 < Date: Wed, 01 Jun 2022 13:36:53 GMT
1 < Set-Cookie: JSESSIONID=8CB860F3522CF79C8121FD539076C7DE; Domain=tek-insurance-api.azurewebsites.net; Secure
{"errorCode":"ACCOUNT_EXIST","httpStatus":"INTERNAL_SERVER_ERROR","errorMessage":"Account with Email alex@gmail.com is exist"}

06:36:53.642 [main] ERROR com.intuit.karate - classpath:sharks/PostRequest.feature:67
Then status 201
status code was: 500, expected: 201, response time in milliseconds: 1213, url: https://tek-insurance-api.azurewebsites.net/api/accounts/add-primary-account, response: 
{"errorCode":"ACCOUNT_EXIST","httpStatus":"INTERNAL_SERVER_ERROR","errorMessage":"Account with Email alex@gmail.com is exist"}
classpath:sharks/PostRequest.feature:67
]]></system-out>
  </testcase>
  <testcase name="testUsers[1][3]" classname="sharks.TestRunner" time="0.916">
    <failure message="status code was: 500, expected: 201, response time in milliseconds: 883, url: https://tek-insurance-api.azurewebsites.net/api/accounts/add-primary-account, response: &#10;{&quot;errorCode&quot;:&quot;ACCOUNT_EXIST&quot;,&quot;httpStatus&quot;:&quot;INTERNAL_SERVER_ERROR&quot;,&quot;errorMessage&quot;:&quot;Account with Email alex1@gmail.com is exist&quot;}&#10;classpath:sharks/PostRequest.feature:67" type="org.opentest4j.AssertionFailedError">org.opentest4j.AssertionFailedError: 
status code was: 500, expected: 201, response time in milliseconds: 883, url: https://tek-insurance-api.azurewebsites.net/api/accounts/add-primary-account, response: 
{"errorCode":"ACCOUNT_EXIST","httpStatus":"INTERNAL_SERVER_ERROR","errorMessage":"Account with Email alex1@gmail.com is exist"}
classpath:sharks/PostRequest.feature:67
</failure>
    <system-out><![CDATA[06:36:53.661 [main] INFO  com.intuit.karate - karate.env system property was: null 
06:36:53.673 [main] DEBUG com.intuit.karate - request:
1 > POST https://tek-insurance-api.azurewebsites.net/api/accounts/add-primary-account
1 > Authorization: Bearer eyJraWQiOiJUZWtzY2hvb2wgSW5zdXJhbmNlIEFwcGxpY2F0aW9uIiwidHlwIjoiSldUIiwiYWxnIjoiSFM1MTIifQ.eyJhdWQiOiJVc2VyIG1hbmFnZW1lbnQgcG9ydGFsIiwic3ViIjoiQWRtaW4iLCJpc3MiOiJUZWsgSW5zdXJhbmNlIEFwcGxpY2F0aW9uIiwiQXV0aG9yaXRpZXMiOlsiQURNSU4iXSwiZXhwIjoxNjU0MTc3MDExLCJpYXQiOjE2NTQwOTA2MTF9.rxKMsnjbGr4mwmPsAS_Q9gQi08yoAdMggQd9OgJF3TNMeyHJ-ECNfAm8oyR_lQWpA5Ze5wILGn-uR9ILeG9u5w
1 > Content-Type: application/json; charset=UTF-8
1 > Content-Length: 179
1 > Host: tek-insurance-api.azurewebsites.net
1 > Connection: Keep-Alive
1 > User-Agent: Apache-HttpClient/4.5.13 (Java/17.0.1)
1 > Accept-Encoding: gzip,deflate
{"email":"alex1@gmail.com","title":"Mr","firstName":"John","lastName":"Whick","gender":"MALE","maritalStatus":"MARRIED","employmentStatus":"employed","dateOfBirth":"01\/01\/2000"}

06:36:54.557 [main] DEBUG com.intuit.karate - response time in milliseconds: 883
1 < 500
1 < Cache-Control: no-cache, no-store, max-age=0, must-revalidate
1 < Pragma: no-cache
1 < Transfer-Encoding: chunked
1 < Content-Type: application/json
1 < Expires: 0
1 < Vary: Access-Control-Request-Headers
1 < X-Content-Type-Options: nosniff
1 < X-XSS-Protection: 1; mode=block
1 < Strict-Transport-Security: max-age=31536000 ; includeSubDomains
1 < X-Frame-Options: DENY
1 < Date: Wed, 01 Jun 2022 13:36:54 GMT
1 < Set-Cookie: JSESSIONID=D38F5332994AD05845A6A48ED53D9622; Domain=tek-insurance-api.azurewebsites.net; Secure
{"errorCode":"ACCOUNT_EXIST","httpStatus":"INTERNAL_SERVER_ERROR","errorMessage":"Account with Email alex1@gmail.com is exist"}

06:36:54.559 [main] ERROR com.intuit.karate - classpath:sharks/PostRequest.feature:67
Then status 201
status code was: 500, expected: 201, response time in milliseconds: 883, url: https://tek-insurance-api.azurewebsites.net/api/accounts/add-primary-account, response: 
{"errorCode":"ACCOUNT_EXIST","httpStatus":"INTERNAL_SERVER_ERROR","errorMessage":"Account with Email alex1@gmail.com is exist"}
classpath:sharks/PostRequest.feature:67
]]></system-out>
  </testcase>
  <testcase name="testUsers[1][4]" classname="sharks.TestRunner" time="1.193">
    <failure message="status code was: 500, expected: 201, response time in milliseconds: 1168, url: https://tek-insurance-api.azurewebsites.net/api/accounts/add-primary-account, response: &#10;{&quot;errorCode&quot;:&quot;ACCOUNT_EXIST&quot;,&quot;httpStatus&quot;:&quot;INTERNAL_SERVER_ERROR&quot;,&quot;errorMessage&quot;:&quot;Account with Email alex2@gmail.com is exist&quot;}&#10;classpath:sharks/PostRequest.feature:67" type="org.opentest4j.AssertionFailedError">org.opentest4j.AssertionFailedError: 
status code was: 500, expected: 201, response time in milliseconds: 1168, url: https://tek-insurance-api.azurewebsites.net/api/accounts/add-primary-account, response: 
{"errorCode":"ACCOUNT_EXIST","httpStatus":"INTERNAL_SERVER_ERROR","errorMessage":"Account with Email alex2@gmail.com is exist"}
classpath:sharks/PostRequest.feature:67
</failure>
    <system-out><![CDATA[06:36:54.572 [main] INFO  com.intuit.karate - karate.env system property was: null 
06:36:54.581 [main] DEBUG com.intuit.karate - request:
1 > POST https://tek-insurance-api.azurewebsites.net/api/accounts/add-primary-account
1 > Authorization: Bearer eyJraWQiOiJUZWtzY2hvb2wgSW5zdXJhbmNlIEFwcGxpY2F0aW9uIiwidHlwIjoiSldUIiwiYWxnIjoiSFM1MTIifQ.eyJhdWQiOiJVc2VyIG1hbmFnZW1lbnQgcG9ydGFsIiwic3ViIjoiQWRtaW4iLCJpc3MiOiJUZWsgSW5zdXJhbmNlIEFwcGxpY2F0aW9uIiwiQXV0aG9yaXRpZXMiOlsiQURNSU4iXSwiZXhwIjoxNjU0MTc3MDExLCJpYXQiOjE2NTQwOTA2MTF9.rxKMsnjbGr4mwmPsAS_Q9gQi08yoAdMggQd9OgJF3TNMeyHJ-ECNfAm8oyR_lQWpA5Ze5wILGn-uR9ILeG9u5w
1 > Content-Type: application/json; charset=UTF-8
1 > Content-Length: 179
1 > Host: tek-insurance-api.azurewebsites.net
1 > Connection: Keep-Alive
1 > User-Agent: Apache-HttpClient/4.5.13 (Java/17.0.1)
1 > Accept-Encoding: gzip,deflate
{"email":"alex2@gmail.com","title":"Mr","firstName":"John","lastName":"Whick","gender":"MALE","maritalStatus":"MARRIED","employmentStatus":"employed","dateOfBirth":"01\/01\/2000"}

06:36:55.750 [main] DEBUG com.intuit.karate - response time in milliseconds: 1168
1 < 500
1 < Cache-Control: no-cache, no-store, max-age=0, must-revalidate
1 < Pragma: no-cache
1 < Transfer-Encoding: chunked
1 < Content-Type: application/json
1 < Expires: 0
1 < Vary: Access-Control-Request-Headers
1 < X-Content-Type-Options: nosniff
1 < X-XSS-Protection: 1; mode=block
1 < Strict-Transport-Security: max-age=31536000 ; includeSubDomains
1 < X-Frame-Options: DENY
1 < Date: Wed, 01 Jun 2022 13:36:55 GMT
1 < Set-Cookie: JSESSIONID=81745C945BD05359F2B84065A4DAAD0D; Domain=tek-insurance-api.azurewebsites.net; Secure
{"errorCode":"ACCOUNT_EXIST","httpStatus":"INTERNAL_SERVER_ERROR","errorMessage":"Account with Email alex2@gmail.com is exist"}

06:36:55.751 [main] ERROR com.intuit.karate - classpath:sharks/PostRequest.feature:67
Then status 201
status code was: 500, expected: 201, response time in milliseconds: 1168, url: https://tek-insurance-api.azurewebsites.net/api/accounts/add-primary-account, response: 
{"errorCode":"ACCOUNT_EXIST","httpStatus":"INTERNAL_SERVER_ERROR","errorMessage":"Account with Email alex2@gmail.com is exist"}
classpath:sharks/PostRequest.feature:67
]]></system-out>
  </testcase>
  <testcase name="testUsers[1][5]" classname="sharks.TestRunner" time="1.214">
    <failure message="status code was: 500, expected: 201, response time in milliseconds: 1197, url: https://tek-insurance-api.azurewebsites.net/api/accounts/add-primary-account, response: &#10;{&quot;errorCode&quot;:&quot;ACCOUNT_EXIST&quot;,&quot;httpStatus&quot;:&quot;INTERNAL_SERVER_ERROR&quot;,&quot;errorMessage&quot;:&quot;Account with Email alex3@gmail.com is exist&quot;}&#10;classpath:sharks/PostRequest.feature:67" type="org.opentest4j.AssertionFailedError">org.opentest4j.AssertionFailedError: 
status code was: 500, expected: 201, response time in milliseconds: 1197, url: https://tek-insurance-api.azurewebsites.net/api/accounts/add-primary-account, response: 
{"errorCode":"ACCOUNT_EXIST","httpStatus":"INTERNAL_SERVER_ERROR","errorMessage":"Account with Email alex3@gmail.com is exist"}
classpath:sharks/PostRequest.feature:67
</failure>
    <system-out><![CDATA[06:36:55.761 [main] INFO  com.intuit.karate - karate.env system property was: null 
06:36:55.769 [main] DEBUG com.intuit.karate - request:
1 > POST https://tek-insurance-api.azurewebsites.net/api/accounts/add-primary-account
1 > Authorization: Bearer eyJraWQiOiJUZWtzY2hvb2wgSW5zdXJhbmNlIEFwcGxpY2F0aW9uIiwidHlwIjoiSldUIiwiYWxnIjoiSFM1MTIifQ.eyJhdWQiOiJVc2VyIG1hbmFnZW1lbnQgcG9ydGFsIiwic3ViIjoiQWRtaW4iLCJpc3MiOiJUZWsgSW5zdXJhbmNlIEFwcGxpY2F0aW9uIiwiQXV0aG9yaXRpZXMiOlsiQURNSU4iXSwiZXhwIjoxNjU0MTc3MDExLCJpYXQiOjE2NTQwOTA2MTF9.rxKMsnjbGr4mwmPsAS_Q9gQi08yoAdMggQd9OgJF3TNMeyHJ-ECNfAm8oyR_lQWpA5Ze5wILGn-uR9ILeG9u5w
1 > Content-Type: application/json; charset=UTF-8
1 > Content-Length: 179
1 > Host: tek-insurance-api.azurewebsites.net
1 > Connection: Keep-Alive
1 > User-Agent: Apache-HttpClient/4.5.13 (Java/17.0.1)
1 > Accept-Encoding: gzip,deflate
{"email":"alex3@gmail.com","title":"Mr","firstName":"John","lastName":"Whick","gender":"MALE","maritalStatus":"MARRIED","employmentStatus":"employed","dateOfBirth":"01\/01\/2000"}

06:36:56.966 [main] DEBUG com.intuit.karate - response time in milliseconds: 1197
1 < 500
1 < Cache-Control: no-cache, no-store, max-age=0, must-revalidate
1 < Pragma: no-cache
1 < Transfer-Encoding: chunked
1 < Content-Type: application/json
1 < Expires: 0
1 < Vary: Access-Control-Request-Headers
1 < X-Content-Type-Options: nosniff
1 < X-XSS-Protection: 1; mode=block
1 < Strict-Transport-Security: max-age=31536000 ; includeSubDomains
1 < X-Frame-Options: DENY
1 < Date: Wed, 01 Jun 2022 13:36:56 GMT
1 < Set-Cookie: JSESSIONID=FA95695D8CD233CCB7D64613B3DB0DD9; Domain=tek-insurance-api.azurewebsites.net; Secure
{"errorCode":"ACCOUNT_EXIST","httpStatus":"INTERNAL_SERVER_ERROR","errorMessage":"Account with Email alex3@gmail.com is exist"}

06:36:56.969 [main] ERROR com.intuit.karate - classpath:sharks/PostRequest.feature:67
Then status 201
status code was: 500, expected: 201, response time in milliseconds: 1197, url: https://tek-insurance-api.azurewebsites.net/api/accounts/add-primary-account, response: 
{"errorCode":"ACCOUNT_EXIST","httpStatus":"INTERNAL_SERVER_ERROR","errorMessage":"Account with Email alex3@gmail.com is exist"}
classpath:sharks/PostRequest.feature:67
]]></system-out>
  </testcase>
  <testcase name="testUsers[1][6]" classname="sharks.TestRunner" time="1.215">
    <failure message="status code was: 500, expected: 201, response time in milliseconds: 1190, url: https://tek-insurance-api.azurewebsites.net/api/accounts/add-primary-account, response: &#10;{&quot;errorCode&quot;:&quot;ACCOUNT_EXIST&quot;,&quot;httpStatus&quot;:&quot;INTERNAL_SERVER_ERROR&quot;,&quot;errorMessage&quot;:&quot;Account with Email alex4@gmail.com is exist&quot;}&#10;classpath:sharks/PostRequest.feature:67" type="org.opentest4j.AssertionFailedError">org.opentest4j.AssertionFailedError: 
status code was: 500, expected: 201, response time in milliseconds: 1190, url: https://tek-insurance-api.azurewebsites.net/api/accounts/add-primary-account, response: 
{"errorCode":"ACCOUNT_EXIST","httpStatus":"INTERNAL_SERVER_ERROR","errorMessage":"Account with Email alex4@gmail.com is exist"}
classpath:sharks/PostRequest.feature:67
</failure>
    <system-out><![CDATA[06:36:56.980 [main] INFO  com.intuit.karate - karate.env system property was: null 
06:36:56.988 [main] DEBUG com.intuit.karate - request:
1 > POST https://tek-insurance-api.azurewebsites.net/api/accounts/add-primary-account
1 > Authorization: Bearer eyJraWQiOiJUZWtzY2hvb2wgSW5zdXJhbmNlIEFwcGxpY2F0aW9uIiwidHlwIjoiSldUIiwiYWxnIjoiSFM1MTIifQ.eyJhdWQiOiJVc2VyIG1hbmFnZW1lbnQgcG9ydGFsIiwic3ViIjoiQWRtaW4iLCJpc3MiOiJUZWsgSW5zdXJhbmNlIEFwcGxpY2F0aW9uIiwiQXV0aG9yaXRpZXMiOlsiQURNSU4iXSwiZXhwIjoxNjU0MTc3MDExLCJpYXQiOjE2NTQwOTA2MTF9.rxKMsnjbGr4mwmPsAS_Q9gQi08yoAdMggQd9OgJF3TNMeyHJ-ECNfAm8oyR_lQWpA5Ze5wILGn-uR9ILeG9u5w
1 > Content-Type: application/json; charset=UTF-8
1 > Content-Length: 179
1 > Host: tek-insurance-api.azurewebsites.net
1 > Connection: Keep-Alive
1 > User-Agent: Apache-HttpClient/4.5.13 (Java/17.0.1)
1 > Accept-Encoding: gzip,deflate
{"email":"alex4@gmail.com","title":"Mr","firstName":"John","lastName":"Whick","gender":"MALE","maritalStatus":"MARRIED","employmentStatus":"employed","dateOfBirth":"01\/01\/2000"}

06:36:58.179 [main] DEBUG com.intuit.karate - response time in milliseconds: 1190
1 < 500
1 < Cache-Control: no-cache, no-store, max-age=0, must-revalidate
1 < Pragma: no-cache
1 < Transfer-Encoding: chunked
1 < Content-Type: application/json
1 < Expires: 0
1 < Vary: Access-Control-Request-Headers
1 < X-Content-Type-Options: nosniff
1 < X-XSS-Protection: 1; mode=block
1 < Strict-Transport-Security: max-age=31536000 ; includeSubDomains
1 < X-Frame-Options: DENY
1 < Date: Wed, 01 Jun 2022 13:36:58 GMT
1 < Set-Cookie: JSESSIONID=1D6D8CDD75137C778AD66D76BA4F21D3; Domain=tek-insurance-api.azurewebsites.net; Secure
{"errorCode":"ACCOUNT_EXIST","httpStatus":"INTERNAL_SERVER_ERROR","errorMessage":"Account with Email alex4@gmail.com is exist"}

06:36:58.182 [main] ERROR com.intuit.karate - classpath:sharks/PostRequest.feature:67
Then status 201
status code was: 500, expected: 201, response time in milliseconds: 1190, url: https://tek-insurance-api.azurewebsites.net/api/accounts/add-primary-account, response: 
{"errorCode":"ACCOUNT_EXIST","httpStatus":"INTERNAL_SERVER_ERROR","errorMessage":"Account with Email alex4@gmail.com is exist"}
classpath:sharks/PostRequest.feature:67
]]></system-out>
  </testcase>
  <testcase name="testUsers[1][7]" classname="sharks.TestRunner" time="1.178">
    <failure message="status code was: 500, expected: 201, response time in milliseconds: 1159, url: https://tek-insurance-api.azurewebsites.net/api/accounts/add-primary-account, response: &#10;{&quot;errorCode&quot;:&quot;ACCOUNT_EXIST&quot;,&quot;httpStatus&quot;:&quot;INTERNAL_SERVER_ERROR&quot;,&quot;errorMessage&quot;:&quot;Account with Email alex5@gmail.com is exist&quot;}&#10;classpath:sharks/PostRequest.feature:67" type="org.opentest4j.AssertionFailedError">org.opentest4j.AssertionFailedError: 
status code was: 500, expected: 201, response time in milliseconds: 1159, url: https://tek-insurance-api.azurewebsites.net/api/accounts/add-primary-account, response: 
{"errorCode":"ACCOUNT_EXIST","httpStatus":"INTERNAL_SERVER_ERROR","errorMessage":"Account with Email alex5@gmail.com is exist"}
classpath:sharks/PostRequest.feature:67
</failure>
    <system-out><![CDATA[06:36:58.192 [main] INFO  com.intuit.karate - karate.env system property was: null 
06:36:58.199 [main] DEBUG com.intuit.karate - request:
1 > POST https://tek-insurance-api.azurewebsites.net/api/accounts/add-primary-account
1 > Authorization: Bearer eyJraWQiOiJUZWtzY2hvb2wgSW5zdXJhbmNlIEFwcGxpY2F0aW9uIiwidHlwIjoiSldUIiwiYWxnIjoiSFM1MTIifQ.eyJhdWQiOiJVc2VyIG1hbmFnZW1lbnQgcG9ydGFsIiwic3ViIjoiQWRtaW4iLCJpc3MiOiJUZWsgSW5zdXJhbmNlIEFwcGxpY2F0aW9uIiwiQXV0aG9yaXRpZXMiOlsiQURNSU4iXSwiZXhwIjoxNjU0MTc3MDExLCJpYXQiOjE2NTQwOTA2MTF9.rxKMsnjbGr4mwmPsAS_Q9gQi08yoAdMggQd9OgJF3TNMeyHJ-ECNfAm8oyR_lQWpA5Ze5wILGn-uR9ILeG9u5w
1 > Content-Type: application/json; charset=UTF-8
1 > Content-Length: 179
1 > Host: tek-insurance-api.azurewebsites.net
1 > Connection: Keep-Alive
1 > User-Agent: Apache-HttpClient/4.5.13 (Java/17.0.1)
1 > Accept-Encoding: gzip,deflate
{"email":"alex5@gmail.com","title":"Mr","firstName":"John","lastName":"Whick","gender":"MALE","maritalStatus":"MARRIED","employmentStatus":"employed","dateOfBirth":"01\/01\/2000"}

06:36:59.358 [main] DEBUG com.intuit.karate - response time in milliseconds: 1159
1 < 500
1 < Cache-Control: no-cache, no-store, max-age=0, must-revalidate
1 < Pragma: no-cache
1 < Transfer-Encoding: chunked
1 < Content-Type: application/json
1 < Expires: 0
1 < Vary: Access-Control-Request-Headers
1 < X-Content-Type-Options: nosniff
1 < X-XSS-Protection: 1; mode=block
1 < Strict-Transport-Security: max-age=31536000 ; includeSubDomains
1 < X-Frame-Options: DENY
1 < Date: Wed, 01 Jun 2022 13:36:59 GMT
1 < Set-Cookie: JSESSIONID=3F371F14CBBD0450DA9CEDE315A095DA; Domain=tek-insurance-api.azurewebsites.net; Secure
{"errorCode":"ACCOUNT_EXIST","httpStatus":"INTERNAL_SERVER_ERROR","errorMessage":"Account with Email alex5@gmail.com is exist"}

06:36:59.361 [main] ERROR com.intuit.karate - classpath:sharks/PostRequest.feature:67
Then status 201
status code was: 500, expected: 201, response time in milliseconds: 1159, url: https://tek-insurance-api.azurewebsites.net/api/accounts/add-primary-account, response: 
{"errorCode":"ACCOUNT_EXIST","httpStatus":"INTERNAL_SERVER_ERROR","errorMessage":"Account with Email alex5@gmail.com is exist"}
classpath:sharks/PostRequest.feature:67
]]></system-out>
  </testcase>
  <testcase name="testUsers[1][8]" classname="sharks.TestRunner" time="1.216">
    <failure message="status code was: 500, expected: 201, response time in milliseconds: 1195, url: https://tek-insurance-api.azurewebsites.net/api/accounts/add-primary-account, response: &#10;{&quot;errorCode&quot;:&quot;ACCOUNT_EXIST&quot;,&quot;httpStatus&quot;:&quot;INTERNAL_SERVER_ERROR&quot;,&quot;errorMessage&quot;:&quot;Account with Email alex6@gmail.com is exist&quot;}&#10;classpath:sharks/PostRequest.feature:67" type="org.opentest4j.AssertionFailedError">org.opentest4j.AssertionFailedError: 
status code was: 500, expected: 201, response time in milliseconds: 1195, url: https://tek-insurance-api.azurewebsites.net/api/accounts/add-primary-account, response: 
{"errorCode":"ACCOUNT_EXIST","httpStatus":"INTERNAL_SERVER_ERROR","errorMessage":"Account with Email alex6@gmail.com is exist"}
classpath:sharks/PostRequest.feature:67
</failure>
    <system-out><![CDATA[06:36:59.371 [main] INFO  com.intuit.karate - karate.env system property was: null 
06:36:59.377 [main] DEBUG com.intuit.karate - request:
1 > POST https://tek-insurance-api.azurewebsites.net/api/accounts/add-primary-account
1 > Authorization: Bearer eyJraWQiOiJUZWtzY2hvb2wgSW5zdXJhbmNlIEFwcGxpY2F0aW9uIiwidHlwIjoiSldUIiwiYWxnIjoiSFM1MTIifQ.eyJhdWQiOiJVc2VyIG1hbmFnZW1lbnQgcG9ydGFsIiwic3ViIjoiQWRtaW4iLCJpc3MiOiJUZWsgSW5zdXJhbmNlIEFwcGxpY2F0aW9uIiwiQXV0aG9yaXRpZXMiOlsiQURNSU4iXSwiZXhwIjoxNjU0MTc3MDExLCJpYXQiOjE2NTQwOTA2MTF9.rxKMsnjbGr4mwmPsAS_Q9gQi08yoAdMggQd9OgJF3TNMeyHJ-ECNfAm8oyR_lQWpA5Ze5wILGn-uR9ILeG9u5w
1 > Content-Type: application/json; charset=UTF-8
1 > Content-Length: 179
1 > Host: tek-insurance-api.azurewebsites.net
1 > Connection: Keep-Alive
1 > User-Agent: Apache-HttpClient/4.5.13 (Java/17.0.1)
1 > Accept-Encoding: gzip,deflate
{"email":"alex6@gmail.com","title":"Mr","firstName":"John","lastName":"Whick","gender":"MALE","maritalStatus":"MARRIED","employmentStatus":"employed","dateOfBirth":"01\/01\/2000"}

06:37:00.573 [main] DEBUG com.intuit.karate - response time in milliseconds: 1195
1 < 500
1 < Cache-Control: no-cache, no-store, max-age=0, must-revalidate
1 < Pragma: no-cache
1 < Transfer-Encoding: chunked
1 < Content-Type: application/json
1 < Expires: 0
1 < Vary: Access-Control-Request-Headers
1 < X-Content-Type-Options: nosniff
1 < X-XSS-Protection: 1; mode=block
1 < Strict-Transport-Security: max-age=31536000 ; includeSubDomains
1 < X-Frame-Options: DENY
1 < Date: Wed, 01 Jun 2022 13:36:59 GMT
1 < Set-Cookie: JSESSIONID=64B4179BC3E1C52C3B2A6CBC181951A2; Domain=tek-insurance-api.azurewebsites.net; Secure
{"errorCode":"ACCOUNT_EXIST","httpStatus":"INTERNAL_SERVER_ERROR","errorMessage":"Account with Email alex6@gmail.com is exist"}

06:37:00.576 [main] ERROR com.intuit.karate - classpath:sharks/PostRequest.feature:67
Then status 201
status code was: 500, expected: 201, response time in milliseconds: 1195, url: https://tek-insurance-api.azurewebsites.net/api/accounts/add-primary-account, response: 
{"errorCode":"ACCOUNT_EXIST","httpStatus":"INTERNAL_SERVER_ERROR","errorMessage":"Account with Email alex6@gmail.com is exist"}
classpath:sharks/PostRequest.feature:67
]]></system-out>
  </testcase>
  <testcase name="testUsers[1][9]" classname="sharks.TestRunner" time="0.932">
    <failure message="status code was: 500, expected: 201, response time in milliseconds: 913, url: https://tek-insurance-api.azurewebsites.net/api/accounts/add-primary-account, response: &#10;{&quot;errorCode&quot;:&quot;ACCOUNT_EXIST&quot;,&quot;httpStatus&quot;:&quot;INTERNAL_SERVER_ERROR&quot;,&quot;errorMessage&quot;:&quot;Account with Email alex7@gmail.com is exist&quot;}&#10;classpath:sharks/PostRequest.feature:67" type="org.opentest4j.AssertionFailedError">org.opentest4j.AssertionFailedError: 
status code was: 500, expected: 201, response time in milliseconds: 913, url: https://tek-insurance-api.azurewebsites.net/api/accounts/add-primary-account, response: 
{"errorCode":"ACCOUNT_EXIST","httpStatus":"INTERNAL_SERVER_ERROR","errorMessage":"Account with Email alex7@gmail.com is exist"}
classpath:sharks/PostRequest.feature:67
</failure>
    <system-out><![CDATA[06:37:00.589 [main] INFO  com.intuit.karate - karate.env system property was: null 
06:37:00.594 [main] DEBUG com.intuit.karate - request:
1 > POST https://tek-insurance-api.azurewebsites.net/api/accounts/add-primary-account
1 > Authorization: Bearer eyJraWQiOiJUZWtzY2hvb2wgSW5zdXJhbmNlIEFwcGxpY2F0aW9uIiwidHlwIjoiSldUIiwiYWxnIjoiSFM1MTIifQ.eyJhdWQiOiJVc2VyIG1hbmFnZW1lbnQgcG9ydGFsIiwic3ViIjoiQWRtaW4iLCJpc3MiOiJUZWsgSW5zdXJhbmNlIEFwcGxpY2F0aW9uIiwiQXV0aG9yaXRpZXMiOlsiQURNSU4iXSwiZXhwIjoxNjU0MTc3MDExLCJpYXQiOjE2NTQwOTA2MTF9.rxKMsnjbGr4mwmPsAS_Q9gQi08yoAdMggQd9OgJF3TNMeyHJ-ECNfAm8oyR_lQWpA5Ze5wILGn-uR9ILeG9u5w
1 > Content-Type: application/json; charset=UTF-8
1 > Content-Length: 179
1 > Host: tek-insurance-api.azurewebsites.net
1 > Connection: Keep-Alive
1 > User-Agent: Apache-HttpClient/4.5.13 (Java/17.0.1)
1 > Accept-Encoding: gzip,deflate
{"email":"alex7@gmail.com","title":"Mr","firstName":"John","lastName":"Whick","gender":"MALE","maritalStatus":"MARRIED","employmentStatus":"employed","dateOfBirth":"01\/01\/2000"}

06:37:01.508 [main] DEBUG com.intuit.karate - response time in milliseconds: 913
1 < 500
1 < Cache-Control: no-cache, no-store, max-age=0, must-revalidate
1 < Pragma: no-cache
1 < Transfer-Encoding: chunked
1 < Content-Type: application/json
1 < Expires: 0
1 < Vary: Access-Control-Request-Headers
1 < X-Content-Type-Options: nosniff
1 < X-XSS-Protection: 1; mode=block
1 < Strict-Transport-Security: max-age=31536000 ; includeSubDomains
1 < X-Frame-Options: DENY
1 < Date: Wed, 01 Jun 2022 13:37:00 GMT
1 < Set-Cookie: JSESSIONID=934A4D116099815F5795B385B1090CD4; Domain=tek-insurance-api.azurewebsites.net; Secure
{"errorCode":"ACCOUNT_EXIST","httpStatus":"INTERNAL_SERVER_ERROR","errorMessage":"Account with Email alex7@gmail.com is exist"}

06:37:01.510 [main] ERROR com.intuit.karate - classpath:sharks/PostRequest.feature:67
Then status 201
status code was: 500, expected: 201, response time in milliseconds: 913, url: https://tek-insurance-api.azurewebsites.net/api/accounts/add-primary-account, response: 
{"errorCode":"ACCOUNT_EXIST","httpStatus":"INTERNAL_SERVER_ERROR","errorMessage":"Account with Email alex7@gmail.com is exist"}
classpath:sharks/PostRequest.feature:67
]]></system-out>
  </testcase>
  <testcase name="testUsers[1][10]" classname="sharks.TestRunner" time="1.191">
    <failure message="status code was: 500, expected: 201, response time in milliseconds: 1173, url: https://tek-insurance-api.azurewebsites.net/api/accounts/add-primary-account, response: &#10;{&quot;errorCode&quot;:&quot;ACCOUNT_EXIST&quot;,&quot;httpStatus&quot;:&quot;INTERNAL_SERVER_ERROR&quot;,&quot;errorMessage&quot;:&quot;Account with Email alex8@gmail.com is exist&quot;}&#10;classpath:sharks/PostRequest.feature:67" type="org.opentest4j.AssertionFailedError">org.opentest4j.AssertionFailedError: 
status code was: 500, expected: 201, response time in milliseconds: 1173, url: https://tek-insurance-api.azurewebsites.net/api/accounts/add-primary-account, response: 
{"errorCode":"ACCOUNT_EXIST","httpStatus":"INTERNAL_SERVER_ERROR","errorMessage":"Account with Email alex8@gmail.com is exist"}
classpath:sharks/PostRequest.feature:67
</failure>
    <system-out><![CDATA[06:37:01.519 [main] INFO  com.intuit.karate - karate.env system property was: null 
06:37:01.524 [main] DEBUG com.intuit.karate - request:
1 > POST https://tek-insurance-api.azurewebsites.net/api/accounts/add-primary-account
1 > Authorization: Bearer eyJraWQiOiJUZWtzY2hvb2wgSW5zdXJhbmNlIEFwcGxpY2F0aW9uIiwidHlwIjoiSldUIiwiYWxnIjoiSFM1MTIifQ.eyJhdWQiOiJVc2VyIG1hbmFnZW1lbnQgcG9ydGFsIiwic3ViIjoiQWRtaW4iLCJpc3MiOiJUZWsgSW5zdXJhbmNlIEFwcGxpY2F0aW9uIiwiQXV0aG9yaXRpZXMiOlsiQURNSU4iXSwiZXhwIjoxNjU0MTc3MDExLCJpYXQiOjE2NTQwOTA2MTF9.rxKMsnjbGr4mwmPsAS_Q9gQi08yoAdMggQd9OgJF3TNMeyHJ-ECNfAm8oyR_lQWpA5Ze5wILGn-uR9ILeG9u5w
1 > Content-Type: application/json; charset=UTF-8
1 > Content-Length: 179
1 > Host: tek-insurance-api.azurewebsites.net
1 > Connection: Keep-Alive
1 > User-Agent: Apache-HttpClient/4.5.13 (Java/17.0.1)
1 > Accept-Encoding: gzip,deflate
{"email":"alex8@gmail.com","title":"Mr","firstName":"John","lastName":"Whick","gender":"MALE","maritalStatus":"MARRIED","employmentStatus":"employed","dateOfBirth":"01\/01\/2000"}

06:37:02.697 [main] DEBUG com.intuit.karate - response time in milliseconds: 1173
1 < 500
1 < Cache-Control: no-cache, no-store, max-age=0, must-revalidate
1 < Pragma: no-cache
1 < Transfer-Encoding: chunked
1 < Content-Type: application/json
1 < Expires: 0
1 < Vary: Access-Control-Request-Headers
1 < X-Content-Type-Options: nosniff
1 < X-XSS-Protection: 1; mode=block
1 < Strict-Transport-Security: max-age=31536000 ; includeSubDomains
1 < X-Frame-Options: DENY
1 < Date: Wed, 01 Jun 2022 13:37:02 GMT
1 < Set-Cookie: JSESSIONID=FB6409F25A04307917BBAD7357C38294; Domain=tek-insurance-api.azurewebsites.net; Secure
{"errorCode":"ACCOUNT_EXIST","httpStatus":"INTERNAL_SERVER_ERROR","errorMessage":"Account with Email alex8@gmail.com is exist"}

06:37:02.700 [main] ERROR com.intuit.karate - classpath:sharks/PostRequest.feature:67
Then status 201
status code was: 500, expected: 201, response time in milliseconds: 1173, url: https://tek-insurance-api.azurewebsites.net/api/accounts/add-primary-account, response: 
{"errorCode":"ACCOUNT_EXIST","httpStatus":"INTERNAL_SERVER_ERROR","errorMessage":"Account with Email alex8@gmail.com is exist"}
classpath:sharks/PostRequest.feature:67
]]></system-out>
  </testcase>
  <testcase name="testUsers[1][11]" classname="sharks.TestRunner" time="1.195">
    <failure message="status code was: 500, expected: 201, response time in milliseconds: 1176, url: https://tek-insurance-api.azurewebsites.net/api/accounts/add-primary-account, response: &#10;{&quot;errorCode&quot;:&quot;ACCOUNT_EXIST&quot;,&quot;httpStatus&quot;:&quot;INTERNAL_SERVER_ERROR&quot;,&quot;errorMessage&quot;:&quot;Account with Email alex9@gmail.com is exist&quot;}&#10;classpath:sharks/PostRequest.feature:67" type="org.opentest4j.AssertionFailedError">org.opentest4j.AssertionFailedError: 
status code was: 500, expected: 201, response time in milliseconds: 1176, url: https://tek-insurance-api.azurewebsites.net/api/accounts/add-primary-account, response: 
{"errorCode":"ACCOUNT_EXIST","httpStatus":"INTERNAL_SERVER_ERROR","errorMessage":"Account with Email alex9@gmail.com is exist"}
classpath:sharks/PostRequest.feature:67
</failure>
    <system-out><![CDATA[06:37:02.710 [main] INFO  com.intuit.karate - karate.env system property was: null 
06:37:02.715 [main] DEBUG com.intuit.karate - request:
1 > POST https://tek-insurance-api.azurewebsites.net/api/accounts/add-primary-account
1 > Authorization: Bearer eyJraWQiOiJUZWtzY2hvb2wgSW5zdXJhbmNlIEFwcGxpY2F0aW9uIiwidHlwIjoiSldUIiwiYWxnIjoiSFM1MTIifQ.eyJhdWQiOiJVc2VyIG1hbmFnZW1lbnQgcG9ydGFsIiwic3ViIjoiQWRtaW4iLCJpc3MiOiJUZWsgSW5zdXJhbmNlIEFwcGxpY2F0aW9uIiwiQXV0aG9yaXRpZXMiOlsiQURNSU4iXSwiZXhwIjoxNjU0MTc3MDExLCJpYXQiOjE2NTQwOTA2MTF9.rxKMsnjbGr4mwmPsAS_Q9gQi08yoAdMggQd9OgJF3TNMeyHJ-ECNfAm8oyR_lQWpA5Ze5wILGn-uR9ILeG9u5w
1 > Content-Type: application/json; charset=UTF-8
1 > Content-Length: 179
1 > Host: tek-insurance-api.azurewebsites.net
1 > Connection: Keep-Alive
1 > User-Agent: Apache-HttpClient/4.5.13 (Java/17.0.1)
1 > Accept-Encoding: gzip,deflate
{"email":"alex9@gmail.com","title":"Mr","firstName":"John","lastName":"Whick","gender":"MALE","maritalStatus":"MARRIED","employmentStatus":"employed","dateOfBirth":"01\/01\/2000"}

06:37:03.893 [main] DEBUG com.intuit.karate - response time in milliseconds: 1176
1 < 500
1 < Cache-Control: no-cache, no-store, max-age=0, must-revalidate
1 < Pragma: no-cache
1 < Transfer-Encoding: chunked
1 < Content-Type: application/json
1 < Expires: 0
1 < Vary: Access-Control-Request-Headers
1 < X-Content-Type-Options: nosniff
1 < X-XSS-Protection: 1; mode=block
1 < Strict-Transport-Security: max-age=31536000 ; includeSubDomains
1 < X-Frame-Options: DENY
1 < Date: Wed, 01 Jun 2022 13:37:04 GMT
1 < Set-Cookie: JSESSIONID=127B99ECC2D760C666C8BF43E25E80F7; Domain=tek-insurance-api.azurewebsites.net; Secure
{"errorCode":"ACCOUNT_EXIST","httpStatus":"INTERNAL_SERVER_ERROR","errorMessage":"Account with Email alex9@gmail.com is exist"}

06:37:03.896 [main] ERROR com.intuit.karate - classpath:sharks/PostRequest.feature:67
Then status 201
status code was: 500, expected: 201, response time in milliseconds: 1176, url: https://tek-insurance-api.azurewebsites.net/api/accounts/add-primary-account, response: 
{"errorCode":"ACCOUNT_EXIST","httpStatus":"INTERNAL_SERVER_ERROR","errorMessage":"Account with Email alex9@gmail.com is exist"}
classpath:sharks/PostRequest.feature:67
]]></system-out>
  </testcase>
  <testcase name="testUsers[1][12]" classname="sharks.TestRunner" time="1.179">
    <failure message="status code was: 500, expected: 201, response time in milliseconds: 1158, url: https://tek-insurance-api.azurewebsites.net/api/accounts/add-primary-account, response: &#10;{&quot;errorCode&quot;:&quot;ACCOUNT_EXIST&quot;,&quot;httpStatus&quot;:&quot;INTERNAL_SERVER_ERROR&quot;,&quot;errorMessage&quot;:&quot;Account with Email alex0@gmail.com is exist&quot;}&#10;classpath:sharks/PostRequest.feature:67" type="org.opentest4j.AssertionFailedError">org.opentest4j.AssertionFailedError: 
status code was: 500, expected: 201, response time in milliseconds: 1158, url: https://tek-insurance-api.azurewebsites.net/api/accounts/add-primary-account, response: 
{"errorCode":"ACCOUNT_EXIST","httpStatus":"INTERNAL_SERVER_ERROR","errorMessage":"Account with Email alex0@gmail.com is exist"}
classpath:sharks/PostRequest.feature:67
</failure>
    <system-out><![CDATA[06:37:03.905 [main] INFO  com.intuit.karate - karate.env system property was: null 
06:37:03.911 [main] DEBUG com.intuit.karate - request:
1 > POST https://tek-insurance-api.azurewebsites.net/api/accounts/add-primary-account
1 > Authorization: Bearer eyJraWQiOiJUZWtzY2hvb2wgSW5zdXJhbmNlIEFwcGxpY2F0aW9uIiwidHlwIjoiSldUIiwiYWxnIjoiSFM1MTIifQ.eyJhdWQiOiJVc2VyIG1hbmFnZW1lbnQgcG9ydGFsIiwic3ViIjoiQWRtaW4iLCJpc3MiOiJUZWsgSW5zdXJhbmNlIEFwcGxpY2F0aW9uIiwiQXV0aG9yaXRpZXMiOlsiQURNSU4iXSwiZXhwIjoxNjU0MTc3MDExLCJpYXQiOjE2NTQwOTA2MTF9.rxKMsnjbGr4mwmPsAS_Q9gQi08yoAdMggQd9OgJF3TNMeyHJ-ECNfAm8oyR_lQWpA5Ze5wILGn-uR9ILeG9u5w
1 > Content-Type: application/json; charset=UTF-8
1 > Content-Length: 179
1 > Host: tek-insurance-api.azurewebsites.net
1 > Connection: Keep-Alive
1 > User-Agent: Apache-HttpClient/4.5.13 (Java/17.0.1)
1 > Accept-Encoding: gzip,deflate
{"email":"alex0@gmail.com","title":"Mr","firstName":"John","lastName":"Whick","gender":"MALE","maritalStatus":"MARRIED","employmentStatus":"employed","dateOfBirth":"01\/01\/2000"}

06:37:05.071 [main] DEBUG com.intuit.karate - response time in milliseconds: 1158
1 < 500
1 < Cache-Control: no-cache, no-store, max-age=0, must-revalidate
1 < Pragma: no-cache
1 < Transfer-Encoding: chunked
1 < Content-Type: application/json
1 < Expires: 0
1 < Vary: Access-Control-Request-Headers
1 < X-Content-Type-Options: nosniff
1 < X-XSS-Protection: 1; mode=block
1 < Strict-Transport-Security: max-age=31536000 ; includeSubDomains
1 < X-Frame-Options: DENY
1 < Date: Wed, 01 Jun 2022 13:37:04 GMT
1 < Set-Cookie: JSESSIONID=DC08254E237FAECA599D366AA85E1D09; Domain=tek-insurance-api.azurewebsites.net; Secure
{"errorCode":"ACCOUNT_EXIST","httpStatus":"INTERNAL_SERVER_ERROR","errorMessage":"Account with Email alex0@gmail.com is exist"}

06:37:05.074 [main] ERROR com.intuit.karate - classpath:sharks/PostRequest.feature:67
Then status 201
status code was: 500, expected: 201, response time in milliseconds: 1158, url: https://tek-insurance-api.azurewebsites.net/api/accounts/add-primary-account, response: 
{"errorCode":"ACCOUNT_EXIST","httpStatus":"INTERNAL_SERVER_ERROR","errorMessage":"Account with Email alex0@gmail.com is exist"}
classpath:sharks/PostRequest.feature:67
]]></system-out>
  </testcase>
  <testcase name="testUsers[1][13]" classname="sharks.TestRunner" time="1.209">
    <failure message="status code was: 500, expected: 201, response time in milliseconds: 1191, url: https://tek-insurance-api.azurewebsites.net/api/accounts/add-primary-account, response: &#10;{&quot;errorCode&quot;:&quot;ACCOUNT_EXIST&quot;,&quot;httpStatus&quot;:&quot;INTERNAL_SERVER_ERROR&quot;,&quot;errorMessage&quot;:&quot;Account with Email alex11@gmail.com is exist&quot;}&#10;classpath:sharks/PostRequest.feature:67" type="org.opentest4j.AssertionFailedError">org.opentest4j.AssertionFailedError: 
status code was: 500, expected: 201, response time in milliseconds: 1191, url: https://tek-insurance-api.azurewebsites.net/api/accounts/add-primary-account, response: 
{"errorCode":"ACCOUNT_EXIST","httpStatus":"INTERNAL_SERVER_ERROR","errorMessage":"Account with Email alex11@gmail.com is exist"}
classpath:sharks/PostRequest.feature:67
</failure>
    <system-out><![CDATA[06:37:05.084 [main] INFO  com.intuit.karate - karate.env system property was: null 
06:37:05.090 [main] DEBUG com.intuit.karate - request:
1 > POST https://tek-insurance-api.azurewebsites.net/api/accounts/add-primary-account
1 > Authorization: Bearer eyJraWQiOiJUZWtzY2hvb2wgSW5zdXJhbmNlIEFwcGxpY2F0aW9uIiwidHlwIjoiSldUIiwiYWxnIjoiSFM1MTIifQ.eyJhdWQiOiJVc2VyIG1hbmFnZW1lbnQgcG9ydGFsIiwic3ViIjoiQWRtaW4iLCJpc3MiOiJUZWsgSW5zdXJhbmNlIEFwcGxpY2F0aW9uIiwiQXV0aG9yaXRpZXMiOlsiQURNSU4iXSwiZXhwIjoxNjU0MTc3MDExLCJpYXQiOjE2NTQwOTA2MTF9.rxKMsnjbGr4mwmPsAS_Q9gQi08yoAdMggQd9OgJF3TNMeyHJ-ECNfAm8oyR_lQWpA5Ze5wILGn-uR9ILeG9u5w
1 > Content-Type: application/json; charset=UTF-8
1 > Content-Length: 180
1 > Host: tek-insurance-api.azurewebsites.net
1 > Connection: Keep-Alive
1 > User-Agent: Apache-HttpClient/4.5.13 (Java/17.0.1)
1 > Accept-Encoding: gzip,deflate
{"email":"alex11@gmail.com","title":"Mr","firstName":"John","lastName":"Whick","gender":"MALE","maritalStatus":"MARRIED","employmentStatus":"employed","dateOfBirth":"01\/01\/2000"}

06:37:06.281 [main] DEBUG com.intuit.karate - response time in milliseconds: 1191
1 < 500
1 < Cache-Control: no-cache, no-store, max-age=0, must-revalidate
1 < Pragma: no-cache
1 < Transfer-Encoding: chunked
1 < Content-Type: application/json
1 < Expires: 0
1 < Vary: Access-Control-Request-Headers
1 < X-Content-Type-Options: nosniff
1 < X-XSS-Protection: 1; mode=block
1 < Strict-Transport-Security: max-age=31536000 ; includeSubDomains
1 < X-Frame-Options: DENY
1 < Date: Wed, 01 Jun 2022 13:37:06 GMT
1 < Set-Cookie: JSESSIONID=B7B02787562D19C0EC7F573BC529E503; Domain=tek-insurance-api.azurewebsites.net; Secure
{"errorCode":"ACCOUNT_EXIST","httpStatus":"INTERNAL_SERVER_ERROR","errorMessage":"Account with Email alex11@gmail.com is exist"}

06:37:06.283 [main] ERROR com.intuit.karate - classpath:sharks/PostRequest.feature:67
Then status 201
status code was: 500, expected: 201, response time in milliseconds: 1191, url: https://tek-insurance-api.azurewebsites.net/api/accounts/add-primary-account, response: 
{"errorCode":"ACCOUNT_EXIST","httpStatus":"INTERNAL_SERVER_ERROR","errorMessage":"Account with Email alex11@gmail.com is exist"}
classpath:sharks/PostRequest.feature:67
]]></system-out>
  </testcase>
  <testcase name="testUsers[1][14]" classname="sharks.TestRunner" time="1.196">
    <failure message="status code was: 500, expected: 201, response time in milliseconds: 1179, url: https://tek-insurance-api.azurewebsites.net/api/accounts/add-primary-account, response: &#10;{&quot;errorCode&quot;:&quot;ACCOUNT_EXIST&quot;,&quot;httpStatus&quot;:&quot;INTERNAL_SERVER_ERROR&quot;,&quot;errorMessage&quot;:&quot;Account with Email alex12@gmail.com is exist&quot;}&#10;classpath:sharks/PostRequest.feature:67" type="org.opentest4j.AssertionFailedError">org.opentest4j.AssertionFailedError: 
status code was: 500, expected: 201, response time in milliseconds: 1179, url: https://tek-insurance-api.azurewebsites.net/api/accounts/add-primary-account, response: 
{"errorCode":"ACCOUNT_EXIST","httpStatus":"INTERNAL_SERVER_ERROR","errorMessage":"Account with Email alex12@gmail.com is exist"}
classpath:sharks/PostRequest.feature:67
</failure>
    <system-out><![CDATA[06:37:06.296 [main] INFO  com.intuit.karate - karate.env system property was: null 
06:37:06.301 [main] DEBUG com.intuit.karate - request:
1 > POST https://tek-insurance-api.azurewebsites.net/api/accounts/add-primary-account
1 > Authorization: Bearer eyJraWQiOiJUZWtzY2hvb2wgSW5zdXJhbmNlIEFwcGxpY2F0aW9uIiwidHlwIjoiSldUIiwiYWxnIjoiSFM1MTIifQ.eyJhdWQiOiJVc2VyIG1hbmFnZW1lbnQgcG9ydGFsIiwic3ViIjoiQWRtaW4iLCJpc3MiOiJUZWsgSW5zdXJhbmNlIEFwcGxpY2F0aW9uIiwiQXV0aG9yaXRpZXMiOlsiQURNSU4iXSwiZXhwIjoxNjU0MTc3MDExLCJpYXQiOjE2NTQwOTA2MTF9.rxKMsnjbGr4mwmPsAS_Q9gQi08yoAdMggQd9OgJF3TNMeyHJ-ECNfAm8oyR_lQWpA5Ze5wILGn-uR9ILeG9u5w
1 > Content-Type: application/json; charset=UTF-8
1 > Content-Length: 180
1 > Host: tek-insurance-api.azurewebsites.net
1 > Connection: Keep-Alive
1 > User-Agent: Apache-HttpClient/4.5.13 (Java/17.0.1)
1 > Accept-Encoding: gzip,deflate
{"email":"alex12@gmail.com","title":"Mr","firstName":"John","lastName":"Whick","gender":"MALE","maritalStatus":"MARRIED","employmentStatus":"employed","dateOfBirth":"01\/01\/2000"}

06:37:07.481 [main] DEBUG com.intuit.karate - response time in milliseconds: 1179
1 < 500
1 < Cache-Control: no-cache, no-store, max-age=0, must-revalidate
1 < Pragma: no-cache
1 < Transfer-Encoding: chunked
1 < Content-Type: application/json
1 < Expires: 0
1 < Vary: Access-Control-Request-Headers
1 < X-Content-Type-Options: nosniff
1 < X-XSS-Protection: 1; mode=block
1 < Strict-Transport-Security: max-age=31536000 ; includeSubDomains
1 < X-Frame-Options: DENY
1 < Date: Wed, 01 Jun 2022 13:37:07 GMT
1 < Set-Cookie: JSESSIONID=38CBD533C26A0B517798D9701F0F6596; Domain=tek-insurance-api.azurewebsites.net; Secure
{"errorCode":"ACCOUNT_EXIST","httpStatus":"INTERNAL_SERVER_ERROR","errorMessage":"Account with Email alex12@gmail.com is exist"}

06:37:07.482 [main] ERROR com.intuit.karate - classpath:sharks/PostRequest.feature:67
Then status 201
status code was: 500, expected: 201, response time in milliseconds: 1179, url: https://tek-insurance-api.azurewebsites.net/api/accounts/add-primary-account, response: 
{"errorCode":"ACCOUNT_EXIST","httpStatus":"INTERNAL_SERVER_ERROR","errorMessage":"Account with Email alex12@gmail.com is exist"}
classpath:sharks/PostRequest.feature:67
]]></system-out>
  </testcase>
  <testcase name="testUsers[1][15]" classname="sharks.TestRunner" time="0.92">
    <failure message="status code was: 500, expected: 201, response time in milliseconds: 909, url: https://tek-insurance-api.azurewebsites.net/api/accounts/add-primary-account, response: &#10;{&quot;errorCode&quot;:&quot;ACCOUNT_EXIST&quot;,&quot;httpStatus&quot;:&quot;INTERNAL_SERVER_ERROR&quot;,&quot;errorMessage&quot;:&quot;Account with Email alex13@gmail.com is exist&quot;}&#10;classpath:sharks/PostRequest.feature:67" type="org.opentest4j.AssertionFailedError">org.opentest4j.AssertionFailedError: 
status code was: 500, expected: 201, response time in milliseconds: 909, url: https://tek-insurance-api.azurewebsites.net/api/accounts/add-primary-account, response: 
{"errorCode":"ACCOUNT_EXIST","httpStatus":"INTERNAL_SERVER_ERROR","errorMessage":"Account with Email alex13@gmail.com is exist"}
classpath:sharks/PostRequest.feature:67
</failure>
    <system-out><![CDATA[06:37:07.492 [main] INFO  com.intuit.karate - karate.env system property was: null 
06:37:07.502 [main] DEBUG com.intuit.karate - request:
1 > POST https://tek-insurance-api.azurewebsites.net/api/accounts/add-primary-account
1 > Authorization: Bearer eyJraWQiOiJUZWtzY2hvb2wgSW5zdXJhbmNlIEFwcGxpY2F0aW9uIiwidHlwIjoiSldUIiwiYWxnIjoiSFM1MTIifQ.eyJhdWQiOiJVc2VyIG1hbmFnZW1lbnQgcG9ydGFsIiwic3ViIjoiQWRtaW4iLCJpc3MiOiJUZWsgSW5zdXJhbmNlIEFwcGxpY2F0aW9uIiwiQXV0aG9yaXRpZXMiOlsiQURNSU4iXSwiZXhwIjoxNjU0MTc3MDExLCJpYXQiOjE2NTQwOTA2MTF9.rxKMsnjbGr4mwmPsAS_Q9gQi08yoAdMggQd9OgJF3TNMeyHJ-ECNfAm8oyR_lQWpA5Ze5wILGn-uR9ILeG9u5w
1 > Content-Type: application/json; charset=UTF-8
1 > Content-Length: 180
1 > Host: tek-insurance-api.azurewebsites.net
1 > Connection: Keep-Alive
1 > User-Agent: Apache-HttpClient/4.5.13 (Java/17.0.1)
1 > Accept-Encoding: gzip,deflate
{"email":"alex13@gmail.com","title":"Mr","firstName":"John","lastName":"Whick","gender":"MALE","maritalStatus":"MARRIED","employmentStatus":"employed","dateOfBirth":"01\/01\/2000"}

06:37:08.413 [main] DEBUG com.intuit.karate - response time in milliseconds: 909
1 < 500
1 < Cache-Control: no-cache, no-store, max-age=0, must-revalidate
1 < Pragma: no-cache
1 < Transfer-Encoding: chunked
1 < Content-Type: application/json
1 < Expires: 0
1 < Vary: Access-Control-Request-Headers
1 < X-Content-Type-Options: nosniff
1 < X-XSS-Protection: 1; mode=block
1 < Strict-Transport-Security: max-age=31536000 ; includeSubDomains
1 < X-Frame-Options: DENY
1 < Date: Wed, 01 Jun 2022 13:37:08 GMT
1 < Set-Cookie: JSESSIONID=A770D4B42636873ABBF8A52CC8F11881; Domain=tek-insurance-api.azurewebsites.net; Secure
{"errorCode":"ACCOUNT_EXIST","httpStatus":"INTERNAL_SERVER_ERROR","errorMessage":"Account with Email alex13@gmail.com is exist"}

06:37:08.415 [main] ERROR com.intuit.karate - classpath:sharks/PostRequest.feature:67
Then status 201
status code was: 500, expected: 201, response time in milliseconds: 909, url: https://tek-insurance-api.azurewebsites.net/api/accounts/add-primary-account, response: 
{"errorCode":"ACCOUNT_EXIST","httpStatus":"INTERNAL_SERVER_ERROR","errorMessage":"Account with Email alex13@gmail.com is exist"}
classpath:sharks/PostRequest.feature:67
]]></system-out>
  </testcase>
  <testcase name="testUsers[1][16]" classname="sharks.TestRunner" time="1.212">
    <failure message="status code was: 500, expected: 201, response time in milliseconds: 1190, url: https://tek-insurance-api.azurewebsites.net/api/accounts/add-primary-account, response: &#10;{&quot;errorCode&quot;:&quot;ACCOUNT_EXIST&quot;,&quot;httpStatus&quot;:&quot;INTERNAL_SERVER_ERROR&quot;,&quot;errorMessage&quot;:&quot;Account with Email alex14@gmail.com is exist&quot;}&#10;classpath:sharks/PostRequest.feature:67" type="org.opentest4j.AssertionFailedError">org.opentest4j.AssertionFailedError: 
status code was: 500, expected: 201, response time in milliseconds: 1190, url: https://tek-insurance-api.azurewebsites.net/api/accounts/add-primary-account, response: 
{"errorCode":"ACCOUNT_EXIST","httpStatus":"INTERNAL_SERVER_ERROR","errorMessage":"Account with Email alex14@gmail.com is exist"}
classpath:sharks/PostRequest.feature:67
</failure>
    <system-out><![CDATA[06:37:08.428 [main] INFO  com.intuit.karate - karate.env system property was: null 
06:37:08.435 [main] DEBUG com.intuit.karate - request:
1 > POST https://tek-insurance-api.azurewebsites.net/api/accounts/add-primary-account
1 > Authorization: Bearer eyJraWQiOiJUZWtzY2hvb2wgSW5zdXJhbmNlIEFwcGxpY2F0aW9uIiwidHlwIjoiSldUIiwiYWxnIjoiSFM1MTIifQ.eyJhdWQiOiJVc2VyIG1hbmFnZW1lbnQgcG9ydGFsIiwic3ViIjoiQWRtaW4iLCJpc3MiOiJUZWsgSW5zdXJhbmNlIEFwcGxpY2F0aW9uIiwiQXV0aG9yaXRpZXMiOlsiQURNSU4iXSwiZXhwIjoxNjU0MTc3MDExLCJpYXQiOjE2NTQwOTA2MTF9.rxKMsnjbGr4mwmPsAS_Q9gQi08yoAdMggQd9OgJF3TNMeyHJ-ECNfAm8oyR_lQWpA5Ze5wILGn-uR9ILeG9u5w
1 > Content-Type: application/json; charset=UTF-8
1 > Content-Length: 180
1 > Host: tek-insurance-api.azurewebsites.net
1 > Connection: Keep-Alive
1 > User-Agent: Apache-HttpClient/4.5.13 (Java/17.0.1)
1 > Accept-Encoding: gzip,deflate
{"email":"alex14@gmail.com","title":"Mr","firstName":"John","lastName":"Whick","gender":"MALE","maritalStatus":"MARRIED","employmentStatus":"employed","dateOfBirth":"01\/01\/2000"}

06:37:09.626 [main] DEBUG com.intuit.karate - response time in milliseconds: 1190
1 < 500
1 < Cache-Control: no-cache, no-store, max-age=0, must-revalidate
1 < Pragma: no-cache
1 < Transfer-Encoding: chunked
1 < Content-Type: application/json
1 < Expires: 0
1 < Vary: Access-Control-Request-Headers
1 < X-Content-Type-Options: nosniff
1 < X-XSS-Protection: 1; mode=block
1 < Strict-Transport-Security: max-age=31536000 ; includeSubDomains
1 < X-Frame-Options: DENY
1 < Date: Wed, 01 Jun 2022 13:37:09 GMT
1 < Set-Cookie: JSESSIONID=8A60DDEA66A174CEA9CB62C293B52A21; Domain=tek-insurance-api.azurewebsites.net; Secure
{"errorCode":"ACCOUNT_EXIST","httpStatus":"INTERNAL_SERVER_ERROR","errorMessage":"Account with Email alex14@gmail.com is exist"}

06:37:09.629 [main] ERROR com.intuit.karate - classpath:sharks/PostRequest.feature:67
Then status 201
status code was: 500, expected: 201, response time in milliseconds: 1190, url: https://tek-insurance-api.azurewebsites.net/api/accounts/add-primary-account, response: 
{"errorCode":"ACCOUNT_EXIST","httpStatus":"INTERNAL_SERVER_ERROR","errorMessage":"Account with Email alex14@gmail.com is exist"}
classpath:sharks/PostRequest.feature:67
]]></system-out>
  </testcase>
  <testcase name="testUsers[1][17]" classname="sharks.TestRunner" time="2.564">
    <failure message="status code was: 500, expected: 201, response time in milliseconds: 1233, url: https://tek-insurance-api.azurewebsites.net/api/accounts/add-primary-account, response: &#10;{&quot;errorCode&quot;:&quot;ACCOUNT_EXIST&quot;,&quot;httpStatus&quot;:&quot;INTERNAL_SERVER_ERROR&quot;,&quot;errorMessage&quot;:&quot;Account with Email alex15@gmail.com is exist&quot;}&#10;classpath:sharks/PostRequest.feature:67" type="org.opentest4j.AssertionFailedError">org.opentest4j.AssertionFailedError: 
status code was: 500, expected: 201, response time in milliseconds: 1233, url: https://tek-insurance-api.azurewebsites.net/api/accounts/add-primary-account, response: 
{"errorCode":"ACCOUNT_EXIST","httpStatus":"INTERNAL_SERVER_ERROR","errorMessage":"Account with Email alex15@gmail.com is exist"}
classpath:sharks/PostRequest.feature:67
</failure>
    <system-out><![CDATA[06:37:09.639 [main] INFO  com.intuit.karate - karate.env system property was: null 
06:37:09.644 [main] DEBUG com.intuit.karate - request:
1 > POST https://tek-insurance-api.azurewebsites.net/api/accounts/add-primary-account
1 > Authorization: Bearer eyJraWQiOiJUZWtzY2hvb2wgSW5zdXJhbmNlIEFwcGxpY2F0aW9uIiwidHlwIjoiSldUIiwiYWxnIjoiSFM1MTIifQ.eyJhdWQiOiJVc2VyIG1hbmFnZW1lbnQgcG9ydGFsIiwic3ViIjoiQWRtaW4iLCJpc3MiOiJUZWsgSW5zdXJhbmNlIEFwcGxpY2F0aW9uIiwiQXV0aG9yaXRpZXMiOlsiQURNSU4iXSwiZXhwIjoxNjU0MTc3MDExLCJpYXQiOjE2NTQwOTA2MTF9.rxKMsnjbGr4mwmPsAS_Q9gQi08yoAdMggQd9OgJF3TNMeyHJ-ECNfAm8oyR_lQWpA5Ze5wILGn-uR9ILeG9u5w
1 > Content-Type: application/json; charset=UTF-8
1 > Content-Length: 180
1 > Host: tek-insurance-api.azurewebsites.net
1 > Connection: Keep-Alive
1 > User-Agent: Apache-HttpClient/4.5.13 (Java/17.0.1)
1 > Accept-Encoding: gzip,deflate
{"email":"alex15@gmail.com","title":"Mr","firstName":"John","lastName":"Whick","gender":"MALE","maritalStatus":"MARRIED","employmentStatus":"employed","dateOfBirth":"01\/01\/2000"}

06:37:10.877 [main] DEBUG com.intuit.karate - response time in milliseconds: 1233
1 < 500
1 < Cache-Control: no-cache, no-store, max-age=0, must-revalidate
1 < Pragma: no-cache
1 < Transfer-Encoding: chunked
1 < Content-Type: application/json
1 < Expires: 0
1 < Vary: Access-Control-Request-Headers
1 < X-Content-Type-Options: nosniff
1 < X-XSS-Protection: 1; mode=block
1 < Strict-Transport-Security: max-age=31536000 ; includeSubDomains
1 < X-Frame-Options: DENY
1 < Date: Wed, 01 Jun 2022 13:37:10 GMT
1 < Set-Cookie: JSESSIONID=72EAA02B7C81C4AA7926695355BBE891; Domain=tek-insurance-api.azurewebsites.net; Secure
{"errorCode":"ACCOUNT_EXIST","httpStatus":"INTERNAL_SERVER_ERROR","errorMessage":"Account with Email alex15@gmail.com is exist"}

06:37:10.880 [main] ERROR com.intuit.karate - classpath:sharks/PostRequest.feature:67
Then status 201
status code was: 500, expected: 201, response time in milliseconds: 1233, url: https://tek-insurance-api.azurewebsites.net/api/accounts/add-primary-account, response: 
{"errorCode":"ACCOUNT_EXIST","httpStatus":"INTERNAL_SERVER_ERROR","errorMessage":"Account with Email alex15@gmail.com is exist"}
classpath:sharks/PostRequest.feature:67
---------------------------------------------------------
feature: classpath:sharks/PostRequest.feature
scenarios: 17 | passed:  0 | failed: 17 | time: 21.8046
---------------------------------------------------------

]]></system-out>
  </testcase>
</testsuite>